<?xml version="1.0" encoding="UTF-8"?>
<testsuite name="data.DataLoaderTest" tests="1" skipped="0" failures="0" errors="0" timestamp="2019-07-10T19:05:06" hostname="CO-IT002589" time="0.007">
  <properties/>
  <testcase name="loadPartyTest" classname="data.DataLoaderTest" time="0.007"/>
  <system-out><![CDATA[]]></system-out>
  <system-err><![CDATA[]]></system-err>
</testsuite>
